collect_app/build/intermediates/manifest_merge_blame_file/release/manifest-merger-blame-release-report.txt
1<?xml version="1.0" encoding="utf-8"?>
2<!--
3 Copyright (C) 2009 University of Washington Licensed under the Apache
4License, Version 2.0 (the "License"); you may not use this file except in
5compliance with the License. You may obtain a copy of the License at http://www.apache.org/licenses/LICENSE-2.0
6Unless required by applicable law or agreed to in writing, software distributed
7under the License is distributed on an "AS IS" BASIS, WITHOUT WARRANTIES
8OR CONDITIONS OF ANY KIND, either express or implied. See the License for
9the specific language governing permissions and limitations under the License.
10-->
11<manifest xmlns:android="http://schemas.android.com/apk/res/android"
12    package="org.odk.collect.android"
13    android:versionCode="4274"
14    android:versionName="v2021.2.3-126-g0f7f85a87-dirty" >
15
16    <uses-sdk
17        android:minSdkVersion="21"
17-->src/main/AndroidManifest.xml
18        android:targetSdkVersion="29" />
18-->src/main/AndroidManifest.xml
19
20    <uses-feature
20-->src/main/AndroidManifest.xml:15:5-17:36
21        android:name="android.hardware.location"
21-->src/main/AndroidManifest.xml:16:9-49
22        android:required="false" />
22-->src/main/AndroidManifest.xml:17:9-33
23    <uses-feature
23-->src/main/AndroidManifest.xml:18:5-20:36
24        android:name="android.hardware.location.network"
24-->src/main/AndroidManifest.xml:19:9-57
25        android:required="false" />
25-->src/main/AndroidManifest.xml:20:9-33
26    <uses-feature
26-->src/main/AndroidManifest.xml:21:5-23:36
27        android:name="android.hardware.location.gps"
27-->src/main/AndroidManifest.xml:22:9-53
28        android:required="false" />
28-->src/main/AndroidManifest.xml:23:9-33
29    <uses-feature
29-->src/main/AndroidManifest.xml:24:5-26:36
30        android:name="android.hardware.telephony"
30-->src/main/AndroidManifest.xml:25:9-50
31        android:required="false" />
31-->src/main/AndroidManifest.xml:26:9-33
32    <uses-feature
32-->src/main/AndroidManifest.xml:27:5-29:36
33        android:name="android.hardware.wifi"
33-->src/main/AndroidManifest.xml:28:9-45
34        android:required="false" />
34-->src/main/AndroidManifest.xml:29:9-33
35
36    <!-- Dangerous permissions -->
37    <uses-permission android:name="android.permission.ACCESS_FINE_LOCATION" />
37-->src/main/AndroidManifest.xml:32:5-79
37-->src/main/AndroidManifest.xml:32:22-76
38    <uses-permission android:name="android.permission.ACCESS_COARSE_LOCATION" />
38-->src/main/AndroidManifest.xml:33:5-81
38-->src/main/AndroidManifest.xml:33:22-78
39    <uses-permission android:name="android.permission.READ_EXTERNAL_STORAGE" />
39-->src/main/AndroidManifest.xml:34:5-80
39-->src/main/AndroidManifest.xml:34:22-77
40    <uses-permission android:name="android.permission.CAMERA" />
40-->src/main/AndroidManifest.xml:35:5-65
40-->src/main/AndroidManifest.xml:35:22-62
41    <uses-permission android:name="android.permission.READ_PHONE_STATE" />
41-->src/main/AndroidManifest.xml:36:5-75
41-->src/main/AndroidManifest.xml:36:22-72
42    <uses-permission android:name="android.permission.RECORD_AUDIO" />
42-->src/main/AndroidManifest.xml:37:5-71
42-->src/main/AndroidManifest.xml:37:22-68
43    <uses-permission android:name="android.permission.GET_ACCOUNTS" />
43-->src/main/AndroidManifest.xml:38:5-71
43-->src/main/AndroidManifest.xml:38:22-68
44
45    <!-- Normal permissions -->
46    <uses-permission android:name="android.permission.INTERNET" />
46-->src/main/AndroidManifest.xml:41:5-67
46-->src/main/AndroidManifest.xml:41:22-64
47    <uses-permission android:name="android.permission.ACCESS_WIFI_STATE" />
47-->src/main/AndroidManifest.xml:42:5-76
47-->src/main/AndroidManifest.xml:42:22-73
48    <uses-permission android:name="android.permission.ACCESS_NETWORK_STATE" />
48-->src/main/AndroidManifest.xml:43:5-79
48-->src/main/AndroidManifest.xml:43:22-76
49    <uses-permission android:name="android.permission.WAKE_LOCK" />
49-->src/main/AndroidManifest.xml:44:5-68
49-->src/main/AndroidManifest.xml:44:22-65
50
51    <!-- Removed in API 23 -->
52    <uses-permission
52-->src/main/AndroidManifest.xml:47:5-49:38
53        android:name="android.permission.USE_CREDENTIALS"
53-->src/main/AndroidManifest.xml:48:9-58
54        android:maxSdkVersion="22" />
54-->src/main/AndroidManifest.xml:49:9-35
55    <uses-permission
55-->src/main/AndroidManifest.xml:50:5-52:38
56        android:name="android.permission.MANAGE_ACCOUNTS"
56-->src/main/AndroidManifest.xml:51:9-58
57        android:maxSdkVersion="22" />
57-->src/main/AndroidManifest.xml:52:9-35
58
59    <uses-feature
59-->src/main/AndroidManifest.xml:54:5-56:36
60        android:name="android.hardware.camera"
60-->src/main/AndroidManifest.xml:55:9-47
61        android:required="false" />
61-->src/main/AndroidManifest.xml:56:9-33
62    <uses-feature
62-->src/main/AndroidManifest.xml:57:5-59:36
63        android:name="android.hardware.camera.autofocus"
63-->src/main/AndroidManifest.xml:58:9-57
64        android:required="false" />
64-->src/main/AndroidManifest.xml:59:9-33
65    <uses-feature
65-->src/main/AndroidManifest.xml:60:5-62:36
66        android:name="android.hardware.screen.portrait"
66-->src/main/AndroidManifest.xml:61:9-56
67        android:required="false" />
67-->src/main/AndroidManifest.xml:62:9-33
68
69    <supports-screens
69-->src/main/AndroidManifest.xml:64:5-70:40
70        android:anyDensity="true"
70-->src/main/AndroidManifest.xml:65:9-34
71        android:largeScreens="true"
71-->src/main/AndroidManifest.xml:66:9-36
72        android:normalScreens="true"
72-->src/main/AndroidManifest.xml:67:9-37
73        android:resizeable="true"
73-->src/main/AndroidManifest.xml:68:9-34
74        android:smallScreens="true"
74-->src/main/AndroidManifest.xml:69:9-36
75        android:xlargeScreens="true" />
75-->src/main/AndroidManifest.xml:70:9-37
76
77    <uses-permission android:name="android.permission.FOREGROUND_SERVICE" />
77-->[:audiorecorder] AndroidManifest.xml:9:5-77
77-->[:audiorecorder] AndroidManifest.xml:9:22-74
78    <uses-permission android:name="android.permission.RECEIVE_BOOT_COMPLETED" />
78-->[androidx.work:work-runtime:2.5.0] AndroidManifest.xml:27:5-81
78-->[androidx.work:work-runtime:2.5.0] AndroidManifest.xml:27:22-78
79
80    <uses-feature
80-->[com.google.android.gms:play-services-maps:17.0.1] AndroidManifest.xml:26:5-28:35
81        android:glEsVersion="0x00020000"
81-->[com.google.android.gms:play-services-maps:17.0.1] AndroidManifest.xml:27:9-41
82        android:required="true" />
82-->[com.google.android.gms:play-services-maps:17.0.1] AndroidManifest.xml:28:9-32
83
84    <queries>
84-->[com.google.android.gms:play-services-maps:17.0.1] AndroidManifest.xml:30:5-34:15
85
86        <!-- Needs to be explicitly declared on Android R+ -->
87        <package android:name="com.google.android.apps.maps" />
87-->[com.google.android.gms:play-services-maps:17.0.1] AndroidManifest.xml:33:9-64
87-->[com.google.android.gms:play-services-maps:17.0.1] AndroidManifest.xml:33:18-61
88    </queries>
89
90    <uses-feature
90-->[com.journeyapps:zxing-android-embedded:3.6.0] AndroidManifest.xml:28:5-30:36
91        android:name="android.hardware.camera.front"
91-->[com.journeyapps:zxing-android-embedded:3.6.0] AndroidManifest.xml:29:9-53
92        android:required="false" />
92-->[com.journeyapps:zxing-android-embedded:3.6.0] AndroidManifest.xml:30:9-33
93    <uses-feature
93-->[com.journeyapps:zxing-android-embedded:3.6.0] AndroidManifest.xml:36:5-38:36
94        android:name="android.hardware.camera.flash"
94-->[com.journeyapps:zxing-android-embedded:3.6.0] AndroidManifest.xml:37:9-53
95        android:required="false" />
95-->[com.journeyapps:zxing-android-embedded:3.6.0] AndroidManifest.xml:38:9-33
96    <uses-feature
96-->[com.journeyapps:zxing-android-embedded:3.6.0] AndroidManifest.xml:39:5-41:36
97        android:name="android.hardware.screen.landscape"
97-->[com.journeyapps:zxing-android-embedded:3.6.0] AndroidManifest.xml:40:9-57
98        android:required="false" />
98-->[com.journeyapps:zxing-android-embedded:3.6.0] AndroidManifest.xml:41:9-33
99
100    <uses-permission android:name="com.google.android.finsky.permission.BIND_GET_INSTALL_REFERRER_SERVICE" />
100-->[com.google.android.gms:play-services-measurement:19.0.0] AndroidManifest.xml:26:5-110
100-->[com.google.android.gms:play-services-measurement:19.0.0] AndroidManifest.xml:26:22-107
101
102    <application
102-->src/main/AndroidManifest.xml:72:5-297:19
103        android:name="org.odk.collect.android.application.Collect"
103-->src/main/AndroidManifest.xml:73:9-44
104        android:allowBackup="true"
104-->src/main/AndroidManifest.xml:74:9-35
105        android:appComponentFactory="androidx.core.app.CoreComponentFactory"
105-->[androidx.core:core:1.6.0] AndroidManifest.xml:24:18-86
106        android:icon="@drawable/csappicon"
106-->src/main/AndroidManifest.xml:75:9-43
107        android:installLocation="auto"
107-->src/main/AndroidManifest.xml:76:9-39
108        android:label="@string/collect_app_name"
108-->src/main/AndroidManifest.xml:77:9-49
109        android:largeHeap="true"
109-->src/main/AndroidManifest.xml:78:9-33
110        android:networkSecurityConfig="@xml/network_security_config"
110-->src/main/AndroidManifest.xml:79:9-69
111        android:supportsRtl="true"
111-->src/main/AndroidManifest.xml:80:9-35
112        android:usesCleartextTraffic="true" >
112-->src/main/AndroidManifest.xml:81:9-44
113        <provider
114            android:name="androidx.core.content.FileProvider"
114-->src/main/AndroidManifest.xml:84:13-62
115            android:authorities="org.odk.collect.android.provider"
115-->src/main/AndroidManifest.xml:85:13-60
116            android:exported="false"
116-->src/main/AndroidManifest.xml:86:13-37
117            android:grantUriPermissions="true" >
117-->src/main/AndroidManifest.xml:87:13-47
118            <meta-data
118-->src/main/AndroidManifest.xml:88:13-90:58
119                android:name="android.support.FILE_PROVIDER_PATHS"
119-->src/main/AndroidManifest.xml:89:17-67
120                android:resource="@xml/provider_paths" />
120-->src/main/AndroidManifest.xml:90:17-55
121        </provider>
122
123        <activity android:name="org.odk.collect.android.activities.FirstLaunchActivity" />
123-->src/main/AndroidManifest.xml:93:9-68
123-->src/main/AndroidManifest.xml:93:19-65
124        <activity android:name="org.odk.collect.android.activities.MainMenuActivity" />
124-->src/main/AndroidManifest.xml:94:9-65
124-->src/main/AndroidManifest.xml:94:19-62
125        <activity
125-->src/main/AndroidManifest.xml:95:9-99:63
126            android:name="org.odk.collect.android.activities.ScannerWithFlashlightActivity"
126-->src/main/AndroidManifest.xml:96:13-69
127            android:screenOrientation="portrait"
127-->src/main/AndroidManifest.xml:97:13-49
128            android:stateNotNeeded="true"
128-->src/main/AndroidManifest.xml:98:13-42
129            android:windowSoftInputMode="stateAlwaysHidden" />
129-->src/main/AndroidManifest.xml:99:13-60
130        <activity
130-->src/main/AndroidManifest.xml:100:9-102:58
131            android:name="org.odk.collect.android.activities.FormEntryActivity"
131-->src/main/AndroidManifest.xml:101:13-57
132            android:windowSoftInputMode="adjustResize" />
132-->src/main/AndroidManifest.xml:102:13-55
133
134        <activity-alias
134-->src/main/AndroidManifest.xml:188:9-193:26
135            android:name="org.odk.collect.android.activities.FormEntryActivity"
135-->src/main/AndroidManifest.xml:189:13-57
136            android:exported="true"
136-->src/main/AndroidManifest.xml:192:13-36
137            android:targetActivity="org.odk.collect.android.activities.FormEntryActivity" >
137-->src/main/AndroidManifest.xml:190:13-67
138        </activity-alias>
139
140        <activity
140-->src/main/AndroidManifest.xml:103:9-108:86
141            android:name="org.odk.collect.android.activities.NotificationActivity"
141-->src/main/AndroidManifest.xml:104:13-60
142            android:excludeFromRecents="true"
142-->src/main/AndroidManifest.xml:105:13-46
143            android:launchMode="singleTask"
143-->src/main/AndroidManifest.xml:106:13-44
144            android:taskAffinity=""
144-->src/main/AndroidManifest.xml:107:13-36
145            android:theme="@android:style/Theme.Translucent.NoTitleBar.Fullscreen" />
145-->src/main/AndroidManifest.xml:108:13-83
146        <activity
146-->src/main/AndroidManifest.xml:109:9-111:53
147            android:name="org.odk.collect.android.activities.DrawActivity"
147-->src/main/AndroidManifest.xml:110:13-52
148            android:screenOrientation="landscape" />
148-->src/main/AndroidManifest.xml:111:13-50
149        <activity
149-->src/main/AndroidManifest.xml:112:9-115:57
150            android:name="org.odk.collect.android.gdrive.GoogleDriveActivity"
150-->src/main/AndroidManifest.xml:113:13-55
151            android:configChanges="orientation|screenSize"
151-->src/main/AndroidManifest.xml:114:13-59
152            android:windowSoftInputMode="stateHidden" />
152-->src/main/AndroidManifest.xml:115:13-54
153        <activity android:name="org.odk.collect.android.activities.InstanceChooserList" />
153-->src/main/AndroidManifest.xml:116:9-68
153-->src/main/AndroidManifest.xml:116:19-65
154
155        <activity-alias
155-->src/main/AndroidManifest.xml:195:9-208:26
156            android:name="org.odk.collect.android.activities.InstanceChooserList"
156-->src/main/AndroidManifest.xml:196:13-59
157            android:targetActivity="org.odk.collect.android.activities.InstanceChooserList" >
157-->src/main/AndroidManifest.xml:197:13-69
158            <intent-filter>
158-->src/main/AndroidManifest.xml:199:13-207:29
159                <action android:name="android.intent.action.VIEW" />
159-->src/main/AndroidManifest.xml:200:17-69
159-->src/main/AndroidManifest.xml:200:25-66
160                <action android:name="android.intent.action.EDIT" />
160-->src/main/AndroidManifest.xml:201:17-69
160-->src/main/AndroidManifest.xml:201:25-66
161                <action android:name="android.intent.action.PICK" />
161-->src/main/AndroidManifest.xml:202:17-69
161-->src/main/AndroidManifest.xml:202:25-66
162
163                <category android:name="android.intent.category.DEFAULT" />
163-->src/main/AndroidManifest.xml:204:17-76
163-->src/main/AndroidManifest.xml:204:27-73
164
165                <data android:mimeType="vnd.android.cursor.dir/vnd.odk.instance" />
165-->src/main/AndroidManifest.xml:206:17-84
165-->src/main/AndroidManifest.xml:206:23-81
166            </intent-filter>
167        </activity-alias>
168
169        <activity
169-->src/main/AndroidManifest.xml:117:9-119:46
170            android:name="org.odk.collect.android.activities.FillBlankFormActivity"
170-->src/main/AndroidManifest.xml:118:13-61
171            android:launchMode="singleTop" />
171-->src/main/AndroidManifest.xml:119:13-43
172
173        <activity-alias
173-->src/main/AndroidManifest.xml:210:9-223:26
174            android:name="org.odk.collect.android.activities.FormChooserList"
174-->src/main/AndroidManifest.xml:211:13-55
175            android:targetActivity="org.odk.collect.android.activities.FillBlankFormActivity" >
175-->src/main/AndroidManifest.xml:212:13-71
176            <intent-filter>
176-->src/main/AndroidManifest.xml:214:13-222:29
177                <action android:name="android.intent.action.VIEW" />
177-->src/main/AndroidManifest.xml:200:17-69
177-->src/main/AndroidManifest.xml:200:25-66
178                <action android:name="android.intent.action.EDIT" />
178-->src/main/AndroidManifest.xml:201:17-69
178-->src/main/AndroidManifest.xml:201:25-66
179                <action android:name="android.intent.action.PICK" />
179-->src/main/AndroidManifest.xml:202:17-69
179-->src/main/AndroidManifest.xml:202:25-66
180
181                <category android:name="android.intent.category.DEFAULT" />
181-->src/main/AndroidManifest.xml:204:17-76
181-->src/main/AndroidManifest.xml:204:27-73
182
183                <data android:mimeType="vnd.android.cursor.dir/vnd.odk.form" />
183-->src/main/AndroidManifest.xml:206:17-84
183-->src/main/AndroidManifest.xml:206:23-81
184            </intent-filter>
185        </activity-alias>
186
187        <activity android:name="org.odk.collect.android.activities.FormDownloadListActivity" />
187-->src/main/AndroidManifest.xml:120:9-73
187-->src/main/AndroidManifest.xml:120:19-70
188
189        <activity-alias
189-->src/main/AndroidManifest.xml:225:9-233:26
190            android:name="org.odk.collect.android.activities.FormDownloadList"
190-->src/main/AndroidManifest.xml:226:13-56
191            android:targetActivity="org.odk.collect.android.activities.FormDownloadListActivity" >
191-->src/main/AndroidManifest.xml:227:13-74
192            <intent-filter>
192-->src/main/AndroidManifest.xml:228:13-232:29
193                <action android:name="org.odk.collect.android.FORM_DOWNLOAD" />
193-->src/main/AndroidManifest.xml:229:17-80
193-->src/main/AndroidManifest.xml:229:25-77
194
195                <category android:name="android.intent.category.DEFAULT" />
195-->src/main/AndroidManifest.xml:204:17-76
195-->src/main/AndroidManifest.xml:204:27-73
196
197                <data android:mimeType="vnd.android.cursor.dir/vnd.odk.form" />
197-->src/main/AndroidManifest.xml:206:17-84
197-->src/main/AndroidManifest.xml:206:23-81
198            </intent-filter>
199        </activity-alias>
200
201        <activity
201-->src/main/AndroidManifest.xml:121:9-123:62
202            android:name="org.odk.collect.android.activities.DeleteSavedFormActivity"
202-->src/main/AndroidManifest.xml:122:13-63
203            android:configChanges="orientation|screenSize" />
203-->src/main/AndroidManifest.xml:123:13-59
204        <activity
204-->src/main/AndroidManifest.xml:124:9-126:62
205            android:name="org.odk.collect.android.gdrive.GoogleSheetsUploaderActivity"
205-->src/main/AndroidManifest.xml:125:13-64
206            android:configChanges="orientation|screenSize" />
206-->src/main/AndroidManifest.xml:126:13-59
207        <activity
207-->src/main/AndroidManifest.xml:127:9-129:62
208            android:name="org.odk.collect.android.activities.InstanceUploaderListActivity"
208-->src/main/AndroidManifest.xml:128:13-68
209            android:configChanges="orientation|screenSize" />
209-->src/main/AndroidManifest.xml:129:13-59
210
211        <activity-alias
211-->src/main/AndroidManifest.xml:235:9-244:26
212            android:name="org.odk.collect.android.activities.InstanceUploaderList"
212-->src/main/AndroidManifest.xml:236:13-60
213            android:targetActivity="org.odk.collect.android.activities.InstanceUploaderListActivity" >
213-->src/main/AndroidManifest.xml:237:13-78
214            <intent-filter>
214-->src/main/AndroidManifest.xml:238:13-243:29
215                <action android:name="android.intent.action.VIEW" />
215-->src/main/AndroidManifest.xml:200:17-69
215-->src/main/AndroidManifest.xml:200:25-66
216                <action android:name="android.intent.action.EDIT" />
216-->src/main/AndroidManifest.xml:201:17-69
216-->src/main/AndroidManifest.xml:201:25-66
217
218                <category android:name="android.intent.category.DEFAULT" />
218-->src/main/AndroidManifest.xml:204:17-76
218-->src/main/AndroidManifest.xml:204:27-73
219            </intent-filter>
220        </activity-alias>
221
222        <activity android:name="org.odk.collect.android.activities.InstanceUploaderActivity" />
222-->src/main/AndroidManifest.xml:130:9-73
222-->src/main/AndroidManifest.xml:130:19-70
223
224        <activity-alias
224-->src/main/AndroidManifest.xml:246:9-254:26
225            android:name="org.odk.collect.android.activities.InstanceUploaderActivity"
225-->src/main/AndroidManifest.xml:247:13-64
226            android:targetActivity="org.odk.collect.android.activities.InstanceUploaderActivity" >
226-->src/main/AndroidManifest.xml:248:13-74
227            <intent-filter>
227-->src/main/AndroidManifest.xml:249:13-253:29
228                <action android:name="org.odk.collect.android.INSTANCE_UPLOAD" />
228-->src/main/AndroidManifest.xml:250:17-82
228-->src/main/AndroidManifest.xml:250:25-79
229
230                <category android:name="android.intent.category.DEFAULT" />
230-->src/main/AndroidManifest.xml:204:17-76
230-->src/main/AndroidManifest.xml:204:27-73
231
232                <data android:mimeType="vnd.android.cursor.dir/vnd.odk.instance" />
232-->src/main/AndroidManifest.xml:206:17-84
232-->src/main/AndroidManifest.xml:206:23-81
233            </intent-filter>
234        </activity-alias>
235
236        <activity android:name="org.odk.collect.android.activities.AboutActivity" />
236-->src/main/AndroidManifest.xml:131:9-62
236-->src/main/AndroidManifest.xml:131:19-59
237        <activity android:name="org.odk.collect.android.configure.qr.QRCodeTabsActivity" />
237-->src/main/AndroidManifest.xml:132:9-69
237-->src/main/AndroidManifest.xml:132:19-66
238        <activity android:name="org.odk.collect.android.preferences.screens.ProjectPreferencesActivity" />
238-->src/main/AndroidManifest.xml:133:9-84
238-->src/main/AndroidManifest.xml:133:19-81
239        <activity android:name="org.odk.collect.android.activities.FormHierarchyActivity" />
239-->src/main/AndroidManifest.xml:134:9-70
239-->src/main/AndroidManifest.xml:134:19-67
240        <activity android:name="org.odk.collect.android.activities.ViewOnlyFormHierarchyActivity" />
240-->src/main/AndroidManifest.xml:135:9-78
240-->src/main/AndroidManifest.xml:135:19-75
241        <activity android:name="org.odk.collect.android.activities.GeoPointActivity" />
241-->src/main/AndroidManifest.xml:136:9-65
241-->src/main/AndroidManifest.xml:136:19-62
242        <activity android:name="org.odk.collect.android.activities.GeoPointMapActivity" />
242-->src/main/AndroidManifest.xml:137:9-68
242-->src/main/AndroidManifest.xml:137:19-65
243        <activity android:name="org.odk.collect.android.activities.GeoPolyActivity" />
243-->src/main/AndroidManifest.xml:138:9-64
243-->src/main/AndroidManifest.xml:138:19-61
244        <activity android:name="org.odk.collect.android.activities.FormMapActivity" />
244-->src/main/AndroidManifest.xml:139:9-64
244-->src/main/AndroidManifest.xml:139:19-61
245        <activity android:name="org.odk.collect.android.activities.BearingActivity" />
245-->src/main/AndroidManifest.xml:140:9-64
245-->src/main/AndroidManifest.xml:140:19-61
246        <activity
246-->src/main/AndroidManifest.xml:141:9-143:56
247            android:name="org.odk.collect.android.activities.SplashScreenActivity"
247-->src/main/AndroidManifest.xml:142:13-60
248            android:theme="@style/Theme.Transparent" />
248-->src/main/AndroidManifest.xml:143:13-53
249
250        <activity-alias
250-->src/main/AndroidManifest.xml:256:9-265:26
251            android:name="org.odk.collect.android.activities.SplashScreenActivity"
251-->src/main/AndroidManifest.xml:257:13-60
252            android:targetActivity="org.odk.collect.android.activities.SplashScreenActivity" >
252-->src/main/AndroidManifest.xml:258:13-70
253            <intent-filter>
253-->src/main/AndroidManifest.xml:259:13-264:29
254                <action android:name="android.intent.action.MAIN" />
254-->src/main/AndroidManifest.xml:260:17-69
254-->src/main/AndroidManifest.xml:260:25-66
255
256                <category android:name="android.intent.category.DEFAULT" />
256-->src/main/AndroidManifest.xml:204:17-76
256-->src/main/AndroidManifest.xml:204:27-73
257                <category android:name="android.intent.category.LAUNCHER" />
257-->src/main/AndroidManifest.xml:263:17-77
257-->src/main/AndroidManifest.xml:263:27-74
258            </intent-filter>
259        </activity-alias>
260
261        <activity android:name="org.odk.collect.android.activities.CaptureSelfieActivity" />
261-->src/main/AndroidManifest.xml:144:9-70
261-->src/main/AndroidManifest.xml:144:19-67
262        <activity android:name="org.odk.collect.android.activities.WebViewActivity" />
262-->src/main/AndroidManifest.xml:145:9-64
262-->src/main/AndroidManifest.xml:145:19-61
263        <activity android:name="org.odk.collect.android.activities.CaptureSelfieVideoActivity" />
263-->src/main/AndroidManifest.xml:146:9-75
263-->src/main/AndroidManifest.xml:146:19-72
264
265        <!-- Configure this key by setting GOOGLE_MAPS_API_KEY in collect_app/secrets.properties. -->
266        <meta-data
266-->src/main/AndroidManifest.xml:149:9-151:59
267            android:name="com.google.android.geo.API_KEY"
267-->src/main/AndroidManifest.xml:150:13-58
268            android:value="@string/GOOGLE_MAPS_API_KEY" />
268-->src/main/AndroidManifest.xml:151:13-56
269        <meta-data
269-->src/main/AndroidManifest.xml:152:9-155:45
270            android:name="com.google.android.gms.version"
270-->src/main/AndroidManifest.xml:153:13-58
271            android:value="@integer/google_play_services_version" /> <!-- integer/google_play_services_version -->
271-->src/main/AndroidManifest.xml:154:13-66
272
273        <meta-data
273-->src/main/AndroidManifest.xml:157:9-159:37
274            android:name="firebase_analytics_collection_enabled"
274-->src/main/AndroidManifest.xml:158:13-65
275            android:value="false" />
275-->src/main/AndroidManifest.xml:159:13-34
276        <meta-data
276-->src/main/AndroidManifest.xml:161:9-163:37
277            android:name="firebase_crashlytics_collection_enabled"
277-->src/main/AndroidManifest.xml:162:13-67
278            android:value="false" />
278-->src/main/AndroidManifest.xml:163:13-34
279
280        <uses-library
280-->src/main/AndroidManifest.xml:165:9-167:40
281            android:name="com.google.android.maps"
281-->src/main/AndroidManifest.xml:166:13-51
282            android:required="false" />
282-->src/main/AndroidManifest.xml:167:13-37
283
284        <!--
285             ******************External API, DO NOT CHANGE BEFORE DISCUSSING***********************
286             * The providers and activities below are available for external applications to      *
287             * integrate with and are actively in use. If one of these needs to change for some   *
288             * reason, it needs to be placed on a deprecation path so users can adapt before the  *
289             * change. If an activity needs to be renamed internally, use an activity-alias. If   *
290             * the external API needs to be expanded, introduce carefully-named actions.          *
291             **************************************************************************************
292        -->
293
294        <provider
294-->src/main/AndroidManifest.xml:179:9-182:39
295            android:name="org.odk.collect.android.external.FormsProvider"
295-->src/main/AndroidManifest.xml:180:13-51
296            android:authorities="org.odk.collect.android.provider.odk.forms"
296-->src/main/AndroidManifest.xml:181:13-77
297            android:exported="true" />
297-->src/main/AndroidManifest.xml:182:13-36
298        <provider
298-->src/main/AndroidManifest.xml:183:9-186:39
299            android:name="org.odk.collect.android.external.InstanceProvider"
299-->src/main/AndroidManifest.xml:184:13-54
300            android:authorities="org.odk.collect.android.provider.odk.instances"
300-->src/main/AndroidManifest.xml:185:13-81
301            android:exported="true" />
301-->src/main/AndroidManifest.xml:186:13-36
302
303        <!-- Enable Shortcuts for Command Actions -->
304        <activity
304-->src/main/AndroidManifest.xml:268:9-277:20
305            android:name="org.odk.collect.android.external.AndroidShortcutsActivity"
305-->src/main/AndroidManifest.xml:269:13-62
306            android:label="ODK Form"
306-->src/main/AndroidManifest.xml:270:13-37
307            android:theme="@style/Theme.AppCompat.Light.NoActionBar" >
307-->src/main/AndroidManifest.xml:271:13-69
308            <intent-filter>
308-->src/main/AndroidManifest.xml:272:13-276:29
309                <action android:name="android.intent.action.CREATE_SHORTCUT" />
309-->src/main/AndroidManifest.xml:273:17-80
309-->src/main/AndroidManifest.xml:273:25-77
310
311                <category android:name="android.intent.category.DEFAULT" />
311-->src/main/AndroidManifest.xml:204:17-76
311-->src/main/AndroidManifest.xml:204:27-73
312            </intent-filter>
313        </activity>
314
315        <!--
316        Supports VIEW and EDIT actions for forms and instances (documented at
317        https://docs.getodk.org/launch-collect-from-app/#using-a-uri-to-edit-a-form-or-instance).
318        Do not use the activity directly as its name/package might change.
319        -->
320        <activity
320-->src/main/AndroidManifest.xml:282:9-295:20
321            android:name="org.odk.collect.android.external.FormUriActivity"
321-->src/main/AndroidManifest.xml:283:13-53
322            android:noHistory="true" >
322-->src/main/AndroidManifest.xml:284:13-37
323            <intent-filter>
323-->src/main/AndroidManifest.xml:287:13-294:29
324                <action android:name="android.intent.action.VIEW" />
324-->src/main/AndroidManifest.xml:200:17-69
324-->src/main/AndroidManifest.xml:200:25-66
325                <action android:name="android.intent.action.EDIT" />
325-->src/main/AndroidManifest.xml:201:17-69
325-->src/main/AndroidManifest.xml:201:25-66
326
327                <category android:name="android.intent.category.DEFAULT" />
327-->src/main/AndroidManifest.xml:204:17-76
327-->src/main/AndroidManifest.xml:204:27-73
328
329                <data android:mimeType="vnd.android.cursor.item/vnd.odk.form" />
329-->src/main/AndroidManifest.xml:206:17-84
329-->src/main/AndroidManifest.xml:206:23-81
330                <data android:mimeType="vnd.android.cursor.item/vnd.odk.instance" />
330-->src/main/AndroidManifest.xml:206:17-84
330-->src/main/AndroidManifest.xml:206:23-81
331            </intent-filter>
332        </activity>
333